### TODO: Tweak these parameters and see how the results change.
color_space = 'YCrCb' # Can be RGB, HSV, LUV, HLS, YUV, YCrCb
orient = 9  # HOG orientations
pix_per_cell = 8 # HOG pixels per cell
cell_per_block = 2 # HOG cells per block
hog_channel = "ALL" # Can be 0, 1, 2, or "ALL"
spatial_size = (32, 32) # Spatial binning dimensions
hist_bins = 96    # Number of histogram bins
spatial_feat = True # Spatial features on or off
hist_feat = True # Histogram features on or off
hog_feat = True # HOG features on or off
y_start_stop = [None, None] # Min and max in y to search in slide_window()

Using: 9 orientations 8 pixels per cell and 2 cells per block
Feature vector length: 8652
7.2 Seconds to train SVC...
Test Accuracy of SVC =  0.9893
Saving data to pickle file...

===============================

### TODO: Tweak these parameters and see how the results change.
color_space = 'HLS' # Can be RGB, HSV, LUV, HLS, YUV, YCrCb
orient = 9  # HOG orientations
pix_per_cell = 8 # HOG pixels per cell
cell_per_block = 2 # HOG cells per block
hog_channel = "ALL" # Can be 0, 1, 2, or "ALL"
spatial_size = (16, 16) # Spatial binning dimensions
hist_bins = 32    # Number of histogram bins
spatial_feat = True # Spatial features on or off
hist_feat = True # Histogram features on or off
hog_feat = True # HOG features on or off
y_start_stop = [None, None] # Min and max in y to search in slide_window()

Using: 9 orientations 8 pixels per cell and 2 cells per block
Feature vector length: 6156
15.92 Seconds to train SVC...
Test Accuracy of SVC =  0.9907
Saving data to pickle file...